*** Using Compiler 'V5.06 update 5 (build 528)', folder: 'D:\Work\Keil5\ARM\ARMCC\Bin'
Rebuild target 'CleanScout_Combined'
assembling startup_stm32f10x_hd.s...
compiling core_cm3.c...
compiling csr_board_map.c...
compiling stm32f10x_it.c...
compiling stm32f10x_usart.c...
compiling system_stm32f10x.c...
compiling stm32f10x_rcc.c...
compiling misc.c...
compiling stm32f10x_gpio.c...
compiling main.c...
compiling stm32f10x_tim.c...
compiling csr_motor_drv.c...
compiling csr_encoder_drv.c...
compiling board_resource_map.c...
compiling csr_motion_link.c...
compiling arm_protocol.c...
compiling csr_motion_controller.c...
compiling arm_servo_bus.c...
compiling arm_host_link.c...
compiling safety_supervisor.c...
compiling arm_servo_executor.c...
linking...
Program Size: Code=23188 RO-data=608 RW-data=296 ZI-data=4512  
FromELF: creating hex file...
".\Build\Objects\CleanScout_Combined.axf" - 0 Error(s), 0 Warning(s).
Build Time Elapsed:  00:00:02
